0 2.25 3.5 0 2.3 0 -39 -0.4 0 3 0
1 4.55 3.5 0 2.3 0 -36.0051 -0.551373 -0.1 3 0
2 6.85 3.5 0 2.3 0 -33.0402 -1.00098 -0.2 3 0
3 9.15 3.5 0 2.3 0 -30.1 -1.59699 -0.2 3 0
4 11.3882 3.04162 -0.4 2.3 0 -27.1598 -2.193 -0.2 3 0
5 13.2713 1.74782 -0.8 2.3 0 -24.2196 -2.78901 -0.2 3 0
6 14.5019 -0.177156 -1.2 2.3 0 -21.2794 -3.38501 -0.2 3 0
7 15.7402 -2.09719 -0.8 2.3 0 -18.3392 -3.98102 -0.2 3 0
8 17.6284 -3.38346 -0.4 2.3 0 -15.3739 -4.42767 -0.1 3 0
9 19.8684 -3.83288 0 2.3 0 -12.3889 -4.72717 -0.1 3 0
10 22.1684 -3.83288 0 2.3 0 -9.39383 -4.87555 0 3 0
11 24.4684 -3.83288 0 2.3 0 -6.39383 -4.87555 0 3 0
12 26.7684 -3.83288 0 2.3 0 -3.39383 -4.87555 0 3 0
13 29.0684 -3.83288 0 2.3 0 -0.39383 -4.87555 0 3 0
14 31.3684 -3.83288 0 2.3 0 2.60617 -4.87555 0 3 0
15 33.6684 -3.83288 0 2.3 0 5.60617 -4.87555 0 3 0
16 35.9684 -3.83288 0 2.3 0 8.60617 -4.87555 0 3 0
17 38.2684 -3.83288 0 2.3 0 11.6062 -4.87555 0 3 0
18 40.5684 -3.83288 0 2.3 0 14.6011 -4.72417 0.1 3 0
19 42.8684 -3.83288 0 2.3 0 17.5861 -4.42467 0.1 3 0
20 45.1684 -3.83288 0 2.3 0 20.5812 -4.2763 0 3 0
21 47.4684 -3.83288 0 2.3 0 23.5812 -4.2763 0 3 0
22 49.7684 -3.83288 0 2.3 0 26.5812 -4.2763 0 3 0
23 52.0684 -3.83288 0 2.3 0 29.5761 -4.12492 0.1 3 0
24 54.3684 -3.83288 0 2.3 0 32.541 -3.67531 0.2 3 0
25 56.6684 -3.83288 0 2.3 0 35.4812 -3.0793 0.2 3 0
26 58.9684 -3.83288 0 2.3 0 38.4214 -2.4833 0.2 3 0
27 61.2684 -3.83288 0 2.3 0 41.3616 -1.88729 0.2 3 0
28 63.5684 -3.83288 0 2.3 0 44.3018 -1.29128 0.2 3 0
29 65.8684 -3.83288 0 2.3 0 47.242 -0.695273 0.2 3 0
30 68.1684 -3.83288 0 2.3 0 50.1822 -0.0992645 0.2 3 0
