0 0 0 0 1.1 0
1 1.1 0 0 1.1 0
2 2.19814 0.0555033 0.1 1.1 0
3 3.28525 0.22036 0.2 1.1 0
4 4.36333 0.438897 0.2 1.1 0
5 5.42855 0.71146 0.3 1.1 0
6 6.49405 0.982958 0.2 1.1 0
7 7.58132 1.14673 0.1 1.1 0
8 8.66844 1.31159 0.2 1.1 0
9 9.74651 1.53012 0.2 1.1 0
10 10.8246 1.74866 0.2 1.1 0
11 11.9027 1.96719 0.2 1.1 0
12 12.9807 2.18573 0.2 1.1 0
13 14.0588 2.40427 0.2 1.1 0
14 15.124 2.67683 0.3 1.1 0
15 16.1749 3.0019 0.3 1.1 0
16 17.2258 3.32697 0.3 1.1 0
17 18.2766 3.65205 0.3 1.1 0
18 19.3275 3.97712 0.3 1.1 0
19 20.3602 4.35467 0.4 1.1 0
20 21.3933 4.73118 0.3 1.1 0
21 22.4441 5.05625 0.3 1.1 0
22 23.495 5.38132 0.3 1.1 0
23 24.5459 5.7064 0.3 1.1 0
24 25.5967 6.03147 0.3 1.1 0
25 26.6294 6.40902 0.4 1.1 0
26 27.6426 6.83738 0.4 1.1 0
27 28.6558 7.26574 0.4 1.1 0
28 29.6689 7.6941 0.4 1.1 0
29 30.702 8.07061 0.3 1.1 0
30 31.7529 8.39568 0.3 1.1 0
31 32.7856 8.77323 0.4 1.1 0
32 33.8186 9.14974 0.3 1.1 0
33 34.8841 9.42124 0.2 1.1 0
34 35.9494 9.69381 0.3 1.1 0
35 37.0002 10.0189 0.3 1.1 0
36 38.0329 10.3964 0.4 1.1 0
37 39.066 10.7729 0.3 1.1 0
38 40.1315 11.0444 0.2 1.1 0
39 41.1967 11.317 0.3 1.1 0
40 42.2476 11.6421 0.3 1.1 0
41 43.3131 11.9136 0.2 1.1 0
42 44.3783 12.1861 0.3 1.1 0
43 45.4438 12.4576 0.2 1.1 0
44 46.5219 12.6762 0.2 1.1 0
45 47.5871 12.9487 0.3 1.1 0
46 48.638 13.2738 0.3 1.1 0
47 49.6888 13.5989 0.3 1.1 0
48 50.7397 13.9239 0.3 1.1 0
49 51.7906 14.249 0.3 1.1 0
50 52.8414 14.5741 0.3 1.1 0
