
SCENARIO: ZAM_Ramp-1_1-T-1_MAXTIME_25

Options for the verification:
  Generating no trace
  Search order is breadth first
  Using conservative space optimisation
  Seed is 1716297288
  State space representation uses minimal constraint systems with future testing
  Using HashMap + Compress integers for discrete state storage

Verifying formula 1 at query_exp2_learn.q:1
 -- Formula is satisfied.
 -- Result: (1501 runs)
Learning statistics for best strategy: 
	Number of resets: 0
	Number of iterations in last reset: 1
	Number of iterations in total: 1


 -- States explored : 0 states
 -- CPU user time used : 209962 ms
 -- Virtual memory used : 34408120 KiB
 -- Resident memory used : 21180 KiB

Verifying formula 2 at query_exp2_learn.q:2
 -- Formula is satisfied.
 -- States stored : 131 states
 -- States explored : 131 states
 -- CPU user time used : 186 ms
 -- Virtual memory used : 34408124 KiB
 -- Resident memory used : 17984 KiB

Verifying formula 3 at query_exp2_learn.q:3
 -- Formula is NOT satisfied.
 -- States explored : 0 states
 -- CPU user time used : 410 ms
 -- Virtual memory used : 34539200 KiB
 -- Resident memory used : 20608 KiB
