
SCENARIO: USA_US101-1_1_T-1

Options for the verification:
  Generating no trace
  Search order is breadth first
  Using conservative space optimisation
  Seed is 1716278298
  State space representation uses minimal constraint systems with future testing
  Using HashMap + Compress integers for discrete state storage

Verifying formula 1 at query_exp1.q:1
 -- Formula is satisfied.
 -- States explored : 0 states
 -- CPU user time used : 3186 ms
 -- Virtual memory used : 34771636 KiB
 -- Resident memory used : 29312 KiB

Verifying formula 2 at query_exp1.q:2
 -- Formula is satisfied.
 -- Result: $v_gameInfoPlay

 -- States stored : 9937 states
 -- States explored : 0 states
 -- CPU user time used : 28928 ms
 -- Virtual memory used : 34927288 KiB
 -- Resident memory used : 39300 KiB

Verifying formula 3 at query_exp1.q:3
 -- Formula is satisfied.
 -- Result: (101 runs)
Learning statistics for best strategy: 
	Number of resets: 0
	Number of iterations in last reset: 1
	Number of iterations in total: 1


 -- States explored : 0 states
 -- CPU user time used : 24682 ms
 -- Virtual memory used : 34927296 KiB
 -- Resident memory used : 40376 KiB

SCENARIO: ZAM_Ramp-1_1-T-1

Options for the verification:
  Generating no trace
  Search order is breadth first
  Using conservative space optimisation
  Seed is 1716278356
  State space representation uses minimal constraint systems with future testing
  Using HashMap + Compress integers for discrete state storage

Verifying formula 1 at query_exp1.q:1
 -- Formula is satisfied.
 -- States explored : 0 states
 -- CPU user time used : 65 ms
 -- Virtual memory used : 34507444 KiB
 -- Resident memory used : 26668 KiB

Verifying formula 2 at query_exp1.q:2
 -- Formula is satisfied.
 -- Result: $v_gameInfoPlay

 -- States stored : 7692 states
 -- States explored : 0 states
 -- CPU user time used : 2264 ms
 -- Virtual memory used : 34660024 KiB
 -- Resident memory used : 35384 KiB

Verifying formula 3 at query_exp1.q:3
 -- Formula is satisfied.
 -- Result: (101 runs)
Learning statistics for best strategy: 
	Number of resets: 0
	Number of iterations in last reset: 1
	Number of iterations in total: 1


 -- States explored : 0 states
 -- CPU user time used : 5090 ms
 -- Virtual memory used : 34664128 KiB
 -- Resident memory used : 36516 KiB
SCENARIO: ZAM_Tutorial-1_2_T-1

Options for the verification:
  Generating no trace
  Search order is breadth first
  Using conservative space optimisation
  Seed is 1716278364
  State space representation uses minimal constraint systems with future testing
  Using HashMap + Compress integers for discrete state storage

Verifying formula 1 at query_exp1.q:1
 -- Formula is satisfied.
 -- States explored : 0 states
 -- CPU user time used : 4 ms
 -- Virtual memory used : 34225840 KiB
 -- Resident memory used : 18848 KiB

Verifying formula 2 at query_exp1.q:2
 -- Formula is satisfied.
 -- Result: $v_gameInfoPlay

 -- States stored : 12507 states
 -- States explored : 0 states
 -- CPU user time used : 315 ms
 -- Virtual memory used : 34378424 KiB
 -- Resident memory used : 31756 KiB

Verifying formula 3 at query_exp1.q:3
 -- Formula is satisfied.
 -- Result: (101 runs)
Learning statistics for best strategy: 
	Number of resets: 0
	Number of iterations in last reset: 1
	Number of iterations in total: 1


 -- States explored : 0 states
 -- CPU user time used : 1337 ms
 -- Virtual memory used : 34379456 KiB
 -- Resident memory used : 32304 KiB

SCENARIO: DEU_A9-2_1_T-1

Options for the verification:
  Generating no trace
  Search order is breadth first
  Using conservative space optimisation
  Seed is 1716278366
  State space representation uses minimal constraint systems with future testing
  Using HashMap + Compress integers for discrete state storage

Verifying formula 1 at query_exp1.q:1
 -- Formula is satisfied.
 -- States explored : 0 states
 -- CPU user time used : 111 ms
 -- Virtual memory used : 34367152 KiB
 -- Resident memory used : 20064 KiB

Verifying formula 2 at query_exp1.q:2
 -- Formula is satisfied.
 -- Result: $v_gameInfoPlay

 -- States stored : 6003 states
 -- States explored : 0 states
 -- CPU user time used : 3473 ms
 -- Virtual memory used : 34396856 KiB
 -- Resident memory used : 27752 KiB

Verifying formula 3 at query_exp1.q:3
 -- Formula is satisfied.
 -- Result: (101 runs)
Learning statistics for best strategy: 
	Number of resets: 0
	Number of iterations in last reset: 1
	Number of iterations in total: 1


 -- States explored : 0 states
 -- CPU user time used : 8132 ms
 -- Virtual memory used : 34527936 KiB
 -- Resident memory used : 28848 KiB

SCENARIO: DEU_Hhr-1_1

Options for the verification:
  Generating no trace
  Search order is breadth first
  Using conservative space optimisation
  Seed is 1716278378
  State space representation uses minimal constraint systems with future testing
  Using HashMap + Compress integers for discrete state storage

Verifying formula 1 at query_exp1.q:1
 -- Formula is satisfied.
 -- States explored : 0 states
 -- CPU user time used : 333 ms
 -- Virtual memory used : 34503344 KiB
 -- Resident memory used : 30532 KiB

Verifying formula 2 at query_exp1.q:2
 -- Formula is satisfied.
 -- Result: $v_gameInfoPlay

 -- States stored : 56 states
 -- States explored : 0 states
 -- CPU user time used : 142 ms
 -- Virtual memory used : 34503352 KiB
 -- Resident memory used : 34740 KiB

Verifying formula 3 at query_exp1.q:3
 -- Formula is satisfied.
 -- Result: (101 runs)
Learning statistics for best strategy: 
	Number of resets: 0
	Number of iterations in last reset: 1
	Number of iterations in total: 1


 -- States explored : 0 states
 -- CPU user time used : 13842 ms
 -- Virtual memory used : 34516672 KiB
 -- Resident memory used : 35716 KiB

SCENARIO: ZAM_Over-1_1

Options for the verification:
  Generating no trace
  Search order is breadth first
  Using conservative space optimisation
  Seed is 1716278393
  State space representation uses minimal constraint systems with future testing
  Using HashMap + Compress integers for discrete state storage

Verifying formula 1 at query_exp1.q:1
 -- Formula is satisfied.
 -- States explored : 0 states
 -- CPU user time used : 335 ms
 -- Virtual memory used : 34376368 KiB
 -- Resident memory used : 21660 KiB

Verifying formula 2 at query_exp1.q:2
 -- Formula is satisfied.
 -- Result: $v_gameInfoPlay

 -- States stored : 14364 states
 -- States explored : 0 states
 -- CPU user time used : 23091 ms
 -- Virtual memory used : 34533048 KiB
 -- Resident memory used : 34776 KiB

Verifying formula 3 at query_exp1.q:3
 -- Formula is satisfied.
 -- Result: (101 runs)
Learning statistics for best strategy: 
	Number of resets: 0
	Number of iterations in last reset: 1
	Number of iterations in total: 1


 -- States explored : 0 states
 -- CPU user time used : 21796 ms
 -- Virtual memory used : 34533056 KiB
 -- Resident memory used : 35288 KiB

SCENARIO: DEU_Ffb-1_3_T-1

Options for the verification:
  Generating no trace
  Search order is breadth first
  Using conservative space optimisation
  Seed is 1716278439
  State space representation uses minimal constraint systems with future testing
  Using HashMap + Compress integers for discrete state storage

Verifying formula 1 at query_exp1.q:1
 -- Formula is satisfied.
 -- States explored : 0 states
 -- CPU user time used : 179 ms
 -- Virtual memory used : 34649776 KiB
 -- Resident memory used : 23840 KiB

Verifying formula 2 at query_exp1.q:2
 -- Formula is satisfied.
 -- Result: $v_gameInfoPlay

 -- States stored : 14518 states
 -- States explored : 0 states
 -- CPU user time used : 12024 ms
 -- Virtual memory used : 34952888 KiB
 -- Resident memory used : 37984 KiB

Verifying formula 3 at query_exp1.q:3
 -- Formula is satisfied.
 -- Result: (101 runs)
Learning statistics for best strategy: 
	Number of resets: 0
	Number of iterations in last reset: 1
	Number of iterations in total: 1


 -- States explored : 0 states
 -- CPU user time used : 12667 ms
 -- Virtual memory used : 34952896 KiB
 -- Resident memory used : 38504 KiB

SCENARIO: ZAM_Tjunction-1_216_T-1

Options for the verification:
  Generating no trace
  Search order is breadth first
  Using conservative space optimisation
  Seed is 1716278465
  State space representation uses minimal constraint systems with future testing
  Using HashMap + Compress integers for discrete state storage

Verifying formula 1 at query_exp1.q:1
 -- Formula is satisfied.
 -- States explored : 0 states
 -- CPU user time used : 127 ms
 -- Virtual memory used : 34362036 KiB
 -- Resident memory used : 24348 KiB

Verifying formula 2 at query_exp1.q:2
 -- Formula is satisfied.
 -- Result: $v_gameInfoPlay

 -- States stored : 56 states
 -- States explored : 0 states
 -- CPU user time used : 55 ms
 -- Virtual memory used : 34362040 KiB
 -- Resident memory used : 29504 KiB

Verifying formula 3 at query_exp1.q:3
 -- Formula is satisfied.
 -- Result: (101 runs)
Learning statistics for best strategy: 
	Number of resets: 0
	Number of iterations in last reset: 1
	Number of iterations in total: 1


 -- States explored : 0 states
 -- CPU user time used : 6523 ms
 -- Virtual memory used : 34372288 KiB
 -- Resident memory used : 29908 KiB

SCENARIO: DEU_Muc-11_1_T-1

Options for the verification:
  Generating no trace
  Search order is breadth first
  Using conservative space optimisation
  Seed is 1716278472
  State space representation uses minimal constraint systems with future testing
  Using HashMap + Compress integers for discrete state storage

Verifying formula 1 at query_exp1.q:1
 -- Formula is satisfied.
 -- States explored : 0 states
 -- CPU user time used : 124 ms
 -- Virtual memory used : 34371252 KiB
 -- Resident memory used : 24900 KiB

Verifying formula 2 at query_exp1.q:2
 -- Formula is satisfied.
 -- Result: $v_gameInfoPlay

 -- States stored : 56 states
 -- States explored : 0 states
 -- CPU user time used : 54 ms
 -- Virtual memory used : 34371256 KiB
 -- Resident memory used : 29596 KiB

Verifying formula 3 at query_exp1.q:3
 -- Formula is satisfied.
 -- Result: (101 runs)
Learning statistics for best strategy: 
	Number of resets: 0
	Number of iterations in last reset: 1
	Number of iterations in total: 1


 -- States explored : 0 states
 -- CPU user time used : 6444 ms
 -- Virtual memory used : 34380480 KiB
 -- Resident memory used : 30520 KiB

SCENARIO: DEU_Muc-3_1_T-1

Options for the verification:
  Generating no trace
  Search order is breadth first
  Using conservative space optimisation
  Seed is 1716278479
  State space representation uses minimal constraint systems with future testing
  Using HashMap + Compress integers for discrete state storage

Verifying formula 1 at query_exp1.q:1
 -- Formula is satisfied.
 -- States explored : 0 states
 -- CPU user time used : 359 ms
 -- Virtual memory used : 34379440 KiB
 -- Resident memory used : 27072 KiB

Verifying formula 2 at query_exp1.q:2
 -- Formula is satisfied.
 -- Result: $v_gameInfoPlay

 -- States stored : 56 states
 -- States explored : 0 states
 -- CPU user time used : 154 ms
 -- Virtual memory used : 34379448 KiB
 -- Resident memory used : 31180 KiB

Verifying formula 3 at query_exp1.q:3
 -- Formula is satisfied.
 -- Result: (101 runs)
Learning statistics for best strategy: 
	Number of resets: 0
	Number of iterations in last reset: 1
	Number of iterations in total: 1


 -- States explored : 0 states
 -- CPU user time used : 15362 ms
 -- Virtual memory used : 34384576 KiB
 -- Resident memory used : 31644 KiB
