
SCENARIO: ZAM_Ramp-1_1-T-1_MAXTIME_10

Options for the verification:
  Generating no trace
  Search order is breadth first
  Using conservative space optimisation
  Seed is 1716284346
  State space representation uses minimal constraint systems with future testing
  Using HashMap + Compress integers for discrete state storage

Verifying formula 1 at query_exp2_search.q:1
 -- Formula is satisfied.
 -- Result: $v_gameInfoPlay

 -- States stored : 7692 states
 -- States explored : 0 states
 -- CPU user time used : 3115 ms
 -- Virtual memory used : 34364084 KiB
 -- Resident memory used : 31560 KiB

Verifying formula 2 at query_exp2_search.q:2
 -- Formula is satisfied.
 -- Result: (101 runs)
Learning statistics for best strategy: 
	Number of resets: 0
	Number of iterations in last reset: 1
	Number of iterations in total: 1


 -- States explored : 0 states
 -- CPU user time used : 6733 ms
 -- Virtual memory used : 34401980 KiB
 -- Resident memory used : 32768 KiB
Options for the verification:
  Generating no trace
  Search order is breadth first
  Using conservative space optimisation
  Seed is 1716284357
  State space representation uses minimal constraint systems with future testing
  Using HashMap + Compress integers for discrete state storage

SCENARIO: ZAM_Ramp-1_1-T-1_MAXTIME_15

Options for the verification:
  Generating no trace
  Search order is breadth first
  Using conservative space optimisation
  Seed is 1716284363
  State space representation uses minimal constraint systems with future testing
  Using HashMap + Compress integers for discrete state storage

Verifying formula 1 at query_exp2_search.q:1
 -- Formula is satisfied.
 -- Result: $v_gameInfoPlay

 -- States stored : 42772 states
 -- States explored : 0 states
 -- CPU user time used : 13092 ms
 -- Virtual memory used : 34414260 KiB
 -- Resident memory used : 56472 KiB

Verifying formula 2 at query_exp2_search.q:2
 -- Formula is satisfied.
 -- Result: (101 runs)
Learning statistics for best strategy: 
	Number of resets: 0
	Number of iterations in last reset: 1
	Number of iterations in total: 1


 -- States explored : 0 states
 -- CPU user time used : 7513 ms
 -- Virtual memory used : 34414268 KiB
 -- Resident memory used : 57072 KiB

SCENARIO: ZAM_Ramp-1_1-T-1_MAXTIME_20

Options for the verification:
  Generating no trace
  Search order is breadth first
  Using conservative space optimisation
  Seed is 1716284402
  State space representation uses minimal constraint systems with future testing
  Using HashMap + Compress integers for discrete state storage

Verifying formula 1 at query_exp2_search.q:1
 -- Formula is satisfied.
 -- Result: $v_gameInfoPlay

 -- States stored : 147280 states
 -- States explored : 0 states
 -- CPU user time used : 52460 ms
 -- Virtual memory used : 34479804 KiB
 -- Resident memory used : 134708 KiB

Verifying formula 2 at query_exp2_search.q:2
 -- Formula is satisfied.
 -- Result: (101 runs)
Learning statistics for best strategy: 
	Number of resets: 0
	Number of iterations in last reset: 1
	Number of iterations in total: 1


 -- States explored : 0 states
 -- CPU user time used : 11538 ms
 -- Virtual memory used : 34479812 KiB
 -- Resident memory used : 135316 KiB

SCENARIO: ZAM_Ramp-1_1-T-1_MAXTIME_25

Options for the verification:
  Generating no trace
  Search order is breadth first
  Using conservative space optimisation
  Seed is 1716284519
  State space representation uses minimal constraint systems with future testing
  Using HashMap + Compress integers for discrete state storage

Verifying formula 1 at query_exp2_search.q:1
 -- Formula is satisfied.
 -- Result: $v_gameInfoPlay

 -- States stored : 380679 states
 -- States explored : 0 states
 -- CPU user time used : 136717 ms
 -- Virtual memory used : 35022528 KiB
 -- Resident memory used : 309956 KiB

Verifying formula 2 at query_exp2_search.q:2
 -- Formula is satisfied.
 -- Result: (101 runs)
Learning statistics for best strategy: 
	Number of resets: 0
	Number of iterations in last reset: 1
	Number of iterations in total: 1


 -- States explored : 0 states
 -- CPU user time used : 14293 ms
 -- Virtual memory used : 35023560 KiB
 -- Resident memory used : 311192 KiB

SCENARIO: ZAM_Ramp-1_1-T-1_MAXTIME_30

Options for the verification:
  Generating no trace
  Search order is breadth first
  Using conservative space optimisation
  Seed is 1716284748
  State space representation uses minimal constraint systems with future testing
  Using HashMap + Compress integers for discrete state storage

Verifying formula 1 at query_exp2_search.q:1
 -- Formula is satisfied.
 -- Result: $v_gameInfoPlay

 -- States stored : 796534 states
 -- States explored : 0 states
 -- CPU user time used : 290157 ms
 -- Virtual memory used : 35455688 KiB
 -- Resident memory used : 616396 KiB

Verifying formula 2 at query_exp2_search.q:2
 -- Formula is satisfied.
 -- Result: (101 runs)
Learning statistics for best strategy: 
	Number of resets: 0
	Number of iterations in last reset: 1
	Number of iterations in total: 1


 -- States explored : 0 states
 -- CPU user time used : 17307 ms
 -- Virtual memory used : 35455696 KiB
 -- Resident memory used : 618236 KiB