0 0 0 0 3 0
1 3 0 0 3 0
2 6 0 0 3 0
3 9 0 0 3 0
4 12 0 0 3 0
5 15 0 0 3 0
6 18 0 0 3 0
7 21 0 0 3 0
8 24 0 0 3 0
9 27 0 0 3 0
10 29.9949 0.151373 0.1 3 0
11 32.9598 0.600983 0.2 3 0
12 35.9251 1.04763 0.1 3 0
13 38.9101 1.34713 0.1 3 0
14 41.8951 1.64663 0.1 3 0
15 44.8801 1.94613 0.1 3 0
16 47.8651 2.24563 0.1 3 0
17 50.8501 2.54513 0.1 3 0
18 53.8352 2.84463 0.1 3 0
19 56.8202 3.14413 0.1 3 0
20 59.8052 3.44363 0.1 3 0
21 62.7902 3.74313 0.1 3 0
22 65.7853 3.89151 0 3 0
23 68.7802 3.74013 -0.1 3 0
24 71.7652 3.44063 -0.1 3 0
25 74.7502 3.14113 -0.1 3 0
26 77.7352 2.84163 -0.1 3 0
27 80.7202 2.54213 -0.1 3 0
28 83.7053 2.24263 -0.1 3 0
29 86.6903 1.94313 -0.1 3 0
30 89.6753 1.64363 -0.1 3 0
